<?xml version="1.0" encoding="utf-8" ?>
<!DOCTYPE html PUBLIC "-//W3C//DTD XHTML 1.0 Strict//EN"
        "http://www.w3.org/TR/xhtml1/DTD/xhtml1-strict.dtd">
<html xmlns="http://www.w3.org/1999/xhtml" xml:lang="" lang="">
<head>
  <title>Test Results Report - Dependency Test</title>
  <meta http-equiv="Content-Type" content="text/html;charset=utf-8" />
  <meta name="description" content="TestNG unit test results." />
  <link href="reportng.css" rel="stylesheet" type="text/css" />
    <script type="text/javascript" src="reportng.js"></script>
</head>
<body>
<h1>Dependency Test</h1>
<p>
  Test duration: 0.015s
</p>



  <table class="resultsTable">
    <tr><th colspan="3" class="header failed">Failed Tests</th></tr>
          <tr>
        <td colspan="3" class="group">TestNGLearning.TestCase3</td>
      </tr>
            
<tr>
  <td class="method">
                  doUserReg
      </td>
  <td class="duration">
    0.006s
  </td>
  <td class="result">
        
    
            <div class="testOutput">
                        <a href="D:\WorkSpace\eclipse-workspace\Selenium\screenshot\error.jpg" target="_blank">Capture Screenshot from ListenerTest.</a> 
                                <br>
                                <a href="D:\WorkSpace\eclipse-workspace\Selenium\screenshot\error.jpg" target="_blank"><img src="D:\WorkSpace\eclipse-workspace\Selenium\screenshot\error.jpg" height=100 width=100></a> 
                  </div>
    

        <a href="javascript:toggleElement('exception-0', 'block')" title="Click to expand/collapse"><b>java.lang.AssertionError: Test Case failed</b></a><br />
    <div class="stackTrace" id="exception-0">
              org.testng.Assert.fail(Assert.java:99)<br />
              TestNGLearning.TestCase3.doUserReg(TestCase3.java:13)<br />
              java.base/jdk.internal.reflect.NativeMethodAccessorImpl.invoke0(Native Method)<br />
              java.base/jdk.internal.reflect.NativeMethodAccessorImpl.invoke(NativeMethodAccessorImpl.java:62)<br />
              java.base/jdk.internal.reflect.DelegatingMethodAccessorImpl.invoke(DelegatingMethodAccessorImpl.java:43)<br />
              java.base/java.lang.reflect.Method.invoke(Method.java:566)<br />
              org.testng.internal.MethodInvocationHelper.invokeMethod(MethodInvocationHelper.java:132)<br />
              org.testng.internal.TestInvoker.invokeMethod(TestInvoker.java:599)<br />
              org.testng.internal.TestInvoker.invokeTestMethod(TestInvoker.java:174)<br />
              org.testng.internal.MethodRunner.runInSequence(MethodRunner.java:46)<br />
              org.testng.internal.TestInvoker$MethodInvocationAgent.invoke(TestInvoker.java:822)<br />
              org.testng.internal.TestInvoker.invokeTestMethods(TestInvoker.java:147)<br />
              org.testng.internal.TestMethodWorker.invokeTestMethods(TestMethodWorker.java:146)<br />
              org.testng.internal.TestMethodWorker.run(TestMethodWorker.java:128)<br />
              java.base/java.util.ArrayList.forEach(ArrayList.java:1541)<br />
              org.testng.TestRunner.privateRun(TestRunner.java:764)<br />
              org.testng.TestRunner.run(TestRunner.java:585)<br />
              org.testng.SuiteRunner.runTest(SuiteRunner.java:384)<br />
              org.testng.SuiteRunner.runSequentially(SuiteRunner.java:378)<br />
              org.testng.SuiteRunner.privateRun(SuiteRunner.java:337)<br />
              org.testng.SuiteRunner.run(SuiteRunner.java:286)<br />
              org.testng.SuiteRunnerWorker.runSuite(SuiteRunnerWorker.java:53)<br />
              org.testng.SuiteRunnerWorker.run(SuiteRunnerWorker.java:96)<br />
              org.testng.TestNG.runSuitesSequentially(TestNG.java:1218)<br />
              org.testng.TestNG.runSuitesLocally(TestNG.java:1140)<br />
              org.testng.TestNG.runSuites(TestNG.java:1069)<br />
              org.testng.TestNG.run(TestNG.java:1037)<br />
              org.testng.remote.AbstractRemoteTestNG.run(AbstractRemoteTestNG.java:115)<br />
              org.testng.remote.RemoteTestNG.initAndRun(RemoteTestNG.java:251)<br />
              org.testng.remote.RemoteTestNG.main(RemoteTestNG.java:77)<br />
                </div>
      </td>
</tr>
<tr>
  <td class="method">
                  doUserReg2
      </td>
  <td class="duration">
    0.004s
  </td>
  <td class="result">
        
    
            <div class="testOutput">
                        <a href="D:\WorkSpace\eclipse-workspace\Selenium\screenshot\error.jpg" target="_blank">Capture Screenshot from ListenerTest.</a> 
                                <br>
                                <a href="D:\WorkSpace\eclipse-workspace\Selenium\screenshot\error.jpg" target="_blank"><img src="D:\WorkSpace\eclipse-workspace\Selenium\screenshot\error.jpg" height=100 width=100></a> 
                  </div>
    

        <a href="javascript:toggleElement('exception-1', 'block')" title="Click to expand/collapse"><b>java.lang.AssertionError: Test Case failed</b></a><br />
    <div class="stackTrace" id="exception-1">
              org.testng.Assert.fail(Assert.java:99)<br />
              TestNGLearning.TestCase3.doUserReg2(TestCase3.java:20)<br />
              java.base/jdk.internal.reflect.NativeMethodAccessorImpl.invoke0(Native Method)<br />
              java.base/jdk.internal.reflect.NativeMethodAccessorImpl.invoke(NativeMethodAccessorImpl.java:62)<br />
              java.base/jdk.internal.reflect.DelegatingMethodAccessorImpl.invoke(DelegatingMethodAccessorImpl.java:43)<br />
              java.base/java.lang.reflect.Method.invoke(Method.java:566)<br />
              org.testng.internal.MethodInvocationHelper.invokeMethod(MethodInvocationHelper.java:132)<br />
              org.testng.internal.TestInvoker.invokeMethod(TestInvoker.java:599)<br />
              org.testng.internal.TestInvoker.invokeTestMethod(TestInvoker.java:174)<br />
              org.testng.internal.MethodRunner.runInSequence(MethodRunner.java:46)<br />
              org.testng.internal.TestInvoker$MethodInvocationAgent.invoke(TestInvoker.java:822)<br />
              org.testng.internal.TestInvoker.invokeTestMethods(TestInvoker.java:147)<br />
              org.testng.internal.TestMethodWorker.invokeTestMethods(TestMethodWorker.java:146)<br />
              org.testng.internal.TestMethodWorker.run(TestMethodWorker.java:128)<br />
              java.base/java.util.ArrayList.forEach(ArrayList.java:1541)<br />
              org.testng.TestRunner.privateRun(TestRunner.java:764)<br />
              org.testng.TestRunner.run(TestRunner.java:585)<br />
              org.testng.SuiteRunner.runTest(SuiteRunner.java:384)<br />
              org.testng.SuiteRunner.runSequentially(SuiteRunner.java:378)<br />
              org.testng.SuiteRunner.privateRun(SuiteRunner.java:337)<br />
              org.testng.SuiteRunner.run(SuiteRunner.java:286)<br />
              org.testng.SuiteRunnerWorker.runSuite(SuiteRunnerWorker.java:53)<br />
              org.testng.SuiteRunnerWorker.run(SuiteRunnerWorker.java:96)<br />
              org.testng.TestNG.runSuitesSequentially(TestNG.java:1218)<br />
              org.testng.TestNG.runSuitesLocally(TestNG.java:1140)<br />
              org.testng.TestNG.runSuites(TestNG.java:1069)<br />
              org.testng.TestNG.run(TestNG.java:1037)<br />
              org.testng.remote.AbstractRemoteTestNG.run(AbstractRemoteTestNG.java:115)<br />
              org.testng.remote.RemoteTestNG.initAndRun(RemoteTestNG.java:251)<br />
              org.testng.remote.RemoteTestNG.main(RemoteTestNG.java:77)<br />
                </div>
      </td>
</tr>
      </table>

  <table class="resultsTable" width="100%">
    <tr><th colspan="3" class="header skipped">Skipped Tests</th></tr>
          <tr>
        <td colspan="3" class="group">TestNGLearning.TestCase3</td>
      </tr>
            
<tr>
  <td class="method">
                  doLoin
      </td>
  <td class="duration">
    0.000s
  </td>
  <td class="result">
                             <i>Depends on method(s): </i>
        <span class="dependency">TestNGLearning.TestCase3.doUserReg</span>
                
    
        

      </td>
</tr>
<tr>
  <td class="method">
                  isSkip
      </td>
  <td class="duration">
    0.001s
  </td>
  <td class="result">
                                 	<i>Reason: </i>
      	<span class="dependency">isSkip : Skipping the tes as condition is not met.</span>
          
    
        

      </td>
</tr>
<tr>
  <td class="method">
                  isSkip2
      </td>
  <td class="duration">
    0.004s
  </td>
  <td class="result">
                                 	<i>Reason: </i>
      	<span class="dependency">isSkip2 : Skipping the test as condition is not met.</span>
          
    
        

      </td>
</tr>
      </table>

  
</body>
</html>
