<?xml version="1.0" encoding="UTF-8"?>
<!-- Generated by org.testng.reporters.JUnitXMLReporter -->
<testsuite ignored="3" hostname="DESKTOP-U49T2LA" failures="1" tests="3" name="Validate Test " time="0.063" errors="0" timestamp="2021-02-21T22:17:46 IST">
  <testcase classname="TestNGLearning.TestCase2" name="isElementFound" time="0.01"/>
  <testcase classname="TestNGLearning.TestCase2" name="multipleSoftAsserts" time="0.015"/>
  <testcase classname="TestNGLearning.TestCase2" name="multipleSoftAssertsAll" time="0.003">
    <failure type="java.lang.AssertionError" message="The following asserts failed:
	expected [Gmail.com] but found [Yahoo.com],
	-&amp;gt; Forcefully failed.">
      <![CDATA[java.lang.AssertionError: The following asserts failed:
expected [Gmail.com] but found [Yahoo.com],
-> Forcefully failed.
at TestNGLearning.TestCase2.multipleSoftAssertsAll(TestCase2.java:93)
at java.base/java.util.ArrayList.forEach(ArrayList.java:1541)
... Removed 29 stack frames]]>
    </failure>
  </testcase> <!-- multipleSoftAssertsAll -->
  <testcase classname="TestNGLearning.TestCase2" name="validTitle" time="0.0">
    <ignored/>
  </testcase> <!-- validTitle -->
  <testcase classname="TestNGLearning.TestCase2" name="forcefullyFail" time="0.0">
    <ignored/>
  </testcase> <!-- forcefullyFail -->
  <testcase classname="TestNGLearning.TestCase2" name="multipleAsserts" time="0.0">
    <ignored/>
  </testcase> <!-- multipleAsserts -->
</testsuite> <!-- Validate Test  -->
